{"$message_type":"diagnostic","message":"unused import: `futures::StreamExt`","code":{"code":"unused_imports","explanation":null},"level":"warning","spans":[{"file_name":"src/market.rs","byte_start":113,"byte_end":131,"line_start":5,"line_end":5,"column_start":5,"column_end":23,"is_primary":true,"text":[{"text":"use futures::StreamExt;","highlight_start":5,"highlight_end":23}],"label":null,"suggested_replacement":null,"suggestion_applicability":null,"expansion":null}],"children":[{"message":"`#[warn(unused_imports)]` (part of `#[warn(unused)]`) on by default","code":null,"level":"note","spans":[],"children":[],"rendered":null},{"message":"remove the whole `use` item","code":null,"level":"help","spans":[{"file_name":"src/market.rs","byte_start":109,"byte_end":133,"line_start":5,"line_end":6,"column_start":1,"column_end":1,"is_primary":true,"text":[{"text":"use futures::StreamExt;","highlight_start":1,"highlight_end":24},{"text":"use std::time::Duration;","highlight_start":1,"highlight_end":1}],"label":null,"suggested_replacement":"","suggestion_applicability":"MachineApplicable","expansion":null}],"children":[],"rendered":null}],"rendered":"\u001b[1m\u001b[33mwarning\u001b[0m\u001b[1m: unused import: `futures::StreamExt`\u001b[0m\n \u001b[1m\u001b[94m--> \u001b[0msrc/market.rs:5:5\n  \u001b[1m\u001b[94m|\u001b[0m\n\u001b[1m\u001b[94m5\u001b[0m \u001b[1m\u001b[94m|\u001b[0m use futures::StreamExt;\n  \u001b[1m\u001b[94m|\u001b[0m     \u001b[1m\u001b[33m^^^^^^^^^^^^^^^^^^\u001b[0m\n  \u001b[1m\u001b[94m|\u001b[0m\n  \u001b[1m\u001b[94m= \u001b[0m\u001b[1mnote\u001b[0m: `#[warn(unused_imports)]` (part of `#[warn(unused)]`) on by default\n\n"}
{"$message_type":"diagnostic","message":"the trait bound `DateTime<Utc>: ToSql` is not satisfied","code":{"code":"E0277","explanation":"You tried to use a type which doesn't implement some trait in a place which\nexpected that trait.\n\nErroneous code example:\n\n```compile_fail,E0277\n// here we declare the Foo trait with a bar method\ntrait Foo {\n    fn bar(&self);\n}\n\n// we now declare a function which takes an object implementing the Foo trait\nfn some_func<T: Foo>(foo: T) {\n    foo.bar();\n}\n\nfn main() {\n    // we now call the method with the i32 type, which doesn't implement\n    // the Foo trait\n    some_func(5i32); // error: the trait bound `i32 : Foo` is not satisfied\n}\n```\n\nIn order to fix this error, verify that the type you're using does implement\nthe trait. Example:\n\n```\ntrait Foo {\n    fn bar(&self);\n}\n\n// we implement the trait on the i32 type\nimpl Foo for i32 {\n    fn bar(&self) {}\n}\n\nfn some_func<T: Foo>(foo: T) {\n    foo.bar(); // we can now use this method since i32 implements the\n               // Foo trait\n}\n\nfn main() {\n    some_func(5i32); // ok!\n}\n```\n\nOr in a generic context, an erroneous code example would look like:\n\n```compile_fail,E0277\nfn some_func<T>(foo: T) {\n    println!(\"{:?}\", foo); // error: the trait `core::fmt::Debug` is not\n                           //        implemented for the type `T`\n}\n\nfn main() {\n    // We now call the method with the i32 type,\n    // which *does* implement the Debug trait.\n    some_func(5i32);\n}\n```\n\nNote that the error here is in the definition of the generic function. Although\nwe only call it with a parameter that does implement `Debug`, the compiler\nstill rejects the function. It must work with all possible input types. In\norder to make this example compile, we need to restrict the generic type we're\naccepting:\n\n```\nuse std::fmt;\n\n// Restrict the input type to types that implement Debug.\nfn some_func<T: fmt::Debug>(foo: T) {\n    println!(\"{:?}\", foo);\n}\n\nfn main() {\n    // Calling the method is still fine, as i32 implements Debug.\n    some_func(5i32);\n\n    // This would fail to compile now:\n    // struct WithoutDebug;\n    // some_func(WithoutDebug);\n}\n```\n\nRust only looks at the signature of the called function, as such it must\nalready specify all requirements that will be used for every type parameter.\n"},"level":"error","spans":[{"file_name":"src/market.rs","byte_start":2701,"byte_end":2705,"line_start":58,"line_end":58,"column_start":15,"column_end":19,"is_primary":true,"text":[{"text":"            &[&r.0, &r.1, &r.2, &r.3, &r.4, &r.5, &r.6, &r.7],","highlight_start":15,"highlight_end":19}],"label":"the trait `ToSql` is not implemented for `DateTime<Utc>`","suggested_replacement":null,"suggestion_applicability":null,"expansion":null}],"children":[{"message":"the following other types implement trait `ToSql`:\n  &T\n  &[T]\n  &[u8]\n  &str\n  Box<T>\n  Box<[T]>\n  Box<str>\n  Cow<'_, [u8]>\nand 20 others","code":null,"level":"help","spans":[],"children":[],"rendered":null},{"message":"required for the cast from `&DateTime<Utc>` to `&dyn ToSql + Sync`","code":null,"level":"note","spans":[],"children":[],"rendered":null},{"message":"the full name for the type has been written to '/home/piyansh46/Code/AlphaWindow/backend-rust/target/release/deps/alphawindow_ingest-beb134cfc09bd6f8.long-type-18158422076096922439.txt'","code":null,"level":"note","spans":[],"children":[],"rendered":null},{"message":"consider using `--verbose` to print the full type name to the console","code":null,"level":"note","spans":[],"children":[],"rendered":null}],"rendered":"\u001b[1m\u001b[91merror[E0277]\u001b[0m\u001b[1m: the trait bound `DateTime<Utc>: ToSql` is not satisfied\u001b[0m\n  \u001b[1m\u001b[94m--> \u001b[0msrc/market.rs:58:15\n   \u001b[1m\u001b[94m|\u001b[0m\n\u001b[1m\u001b[94m58\u001b[0m \u001b[1m\u001b[94m|\u001b[0m             &[&r.0, &r.1, &r.2, &r.3, &r.4, &r.5, &r.6, &r.7],\n   \u001b[1m\u001b[94m|\u001b[0m               \u001b[1m\u001b[91m^^^^\u001b[0m \u001b[1m\u001b[91mthe trait `ToSql` is not implemented for `DateTime<Utc>`\u001b[0m\n   \u001b[1m\u001b[94m|\u001b[0m\n   \u001b[1m\u001b[94m= \u001b[0m\u001b[1mhelp\u001b[0m: the following other types implement trait `ToSql`:\n             &T\n             &[T]\n             &[u8]\n             &str\n             Box<T>\n             Box<[T]>\n             Box<str>\n             Cow<'_, [u8]>\n           and 20 others\n   \u001b[1m\u001b[94m= \u001b[0m\u001b[1mnote\u001b[0m: required for the cast from `&DateTime<Utc>` to `&dyn ToSql + Sync`\n   \u001b[1m\u001b[94m= \u001b[0m\u001b[1mnote\u001b[0m: the full name for the type has been written to '/home/piyansh46/Code/AlphaWindow/backend-rust/target/release/deps/alphawindow_ingest-beb134cfc09bd6f8.long-type-18158422076096922439.txt'\n   \u001b[1m\u001b[94m= \u001b[0m\u001b[1mnote\u001b[0m: consider using `--verbose` to print the full type name to the console\n\n"}
{"$message_type":"diagnostic","message":"use of deprecated associated function `chrono::DateTime::<Tz>::from_utc`: Use TimeZone::from_utc_datetime() or DateTime::from_naive_utc_and_offset instead","code":{"code":"deprecated","explanation":null},"level":"warning","spans":[{"file_name":"src/reddit.rs","byte_start":2170,"byte_end":2178,"line_start":53,"line_end":53,"column_start":37,"column_end":45,"is_primary":true,"text":[{"text":"        let when = DateTime::<Utc>::from_utc(chrono::NaiveDateTime::from_timestamp(created_utc as i64, 0), Utc);","highlight_start":37,"highlight_end":45}],"label":null,"suggested_replacement":null,"suggestion_applicability":null,"expansion":null}],"children":[{"message":"`#[warn(deprecated)]` on by default","code":null,"level":"note","spans":[],"children":[],"rendered":null}],"rendered":"\u001b[1m\u001b[33mwarning\u001b[0m\u001b[1m: use of deprecated associated function `chrono::DateTime::<Tz>::from_utc`: Use TimeZone::from_utc_datetime() or DateTime::from_naive_utc_and_offset instead\u001b[0m\n  \u001b[1m\u001b[94m--> \u001b[0msrc/reddit.rs:53:37\n   \u001b[1m\u001b[94m|\u001b[0m\n\u001b[1m\u001b[94m53\u001b[0m \u001b[1m\u001b[94m|\u001b[0m \u001b[1m\u001b[94m...\u001b[0m   let when = DateTime::<Utc>::from_utc(chrono::NaiveDateTime::from_timestamp(created_utc as i64,\u001b[1m\u001b[94m...\u001b[0m\n   \u001b[1m\u001b[94m|\u001b[0m                                   \u001b[1m\u001b[33m^^^^^^^^\u001b[0m\n   \u001b[1m\u001b[94m|\u001b[0m\n   \u001b[1m\u001b[94m= \u001b[0m\u001b[1mnote\u001b[0m: `#[warn(deprecated)]` on by default\n\n"}
{"$message_type":"diagnostic","message":"use of deprecated associated function `chrono::NaiveDateTime::from_timestamp`: use `DateTime::from_timestamp` instead","code":{"code":"deprecated","explanation":null},"level":"warning","spans":[{"file_name":"src/reddit.rs","byte_start":2202,"byte_end":2216,"line_start":53,"line_end":53,"column_start":69,"column_end":83,"is_primary":true,"text":[{"text":"        let when = DateTime::<Utc>::from_utc(chrono::NaiveDateTime::from_timestamp(created_utc as i64, 0), Utc);","highlight_start":69,"highlight_end":83}],"label":null,"suggested_replacement":null,"suggestion_applicability":null,"expansion":null}],"children":[],"rendered":"\u001b[1m\u001b[33mwarning\u001b[0m\u001b[1m: use of deprecated associated function `chrono::NaiveDateTime::from_timestamp`: use `DateTime::from_timestamp` instead\u001b[0m\n  \u001b[1m\u001b[94m--> \u001b[0msrc/reddit.rs:53:69\n   \u001b[1m\u001b[94m|\u001b[0m\n\u001b[1m\u001b[94m53\u001b[0m \u001b[1m\u001b[94m|\u001b[0m \u001b[1m\u001b[94m...\u001b[0m   let when = DateTime::<Utc>::from_utc(chrono::NaiveDateTime::from_timestamp(created_utc as i64,\u001b[1m\u001b[94m...\u001b[0m\n   \u001b[1m\u001b[94m|\u001b[0m                                                                   \u001b[1m\u001b[33m^^^^^^^^^^^^^^\u001b[0m\n\n"}
{"$message_type":"diagnostic","message":"the trait bound `DateTime<Utc>: ToSql` is not satisfied","code":{"code":"E0277","explanation":"You tried to use a type which doesn't implement some trait in a place which\nexpected that trait.\n\nErroneous code example:\n\n```compile_fail,E0277\n// here we declare the Foo trait with a bar method\ntrait Foo {\n    fn bar(&self);\n}\n\n// we now declare a function which takes an object implementing the Foo trait\nfn some_func<T: Foo>(foo: T) {\n    foo.bar();\n}\n\nfn main() {\n    // we now call the method with the i32 type, which doesn't implement\n    // the Foo trait\n    some_func(5i32); // error: the trait bound `i32 : Foo` is not satisfied\n}\n```\n\nIn order to fix this error, verify that the type you're using does implement\nthe trait. Example:\n\n```\ntrait Foo {\n    fn bar(&self);\n}\n\n// we implement the trait on the i32 type\nimpl Foo for i32 {\n    fn bar(&self) {}\n}\n\nfn some_func<T: Foo>(foo: T) {\n    foo.bar(); // we can now use this method since i32 implements the\n               // Foo trait\n}\n\nfn main() {\n    some_func(5i32); // ok!\n}\n```\n\nOr in a generic context, an erroneous code example would look like:\n\n```compile_fail,E0277\nfn some_func<T>(foo: T) {\n    println!(\"{:?}\", foo); // error: the trait `core::fmt::Debug` is not\n                           //        implemented for the type `T`\n}\n\nfn main() {\n    // We now call the method with the i32 type,\n    // which *does* implement the Debug trait.\n    some_func(5i32);\n}\n```\n\nNote that the error here is in the definition of the generic function. Although\nwe only call it with a parameter that does implement `Debug`, the compiler\nstill rejects the function. It must work with all possible input types. In\norder to make this example compile, we need to restrict the generic type we're\naccepting:\n\n```\nuse std::fmt;\n\n// Restrict the input type to types that implement Debug.\nfn some_func<T: fmt::Debug>(foo: T) {\n    println!(\"{:?}\", foo);\n}\n\nfn main() {\n    // Calling the method is still fine, as i32 implements Debug.\n    some_func(5i32);\n\n    // This would fail to compile now:\n    // struct WithoutDebug;\n    // some_func(WithoutDebug);\n}\n```\n\nRust only looks at the signature of the called function, as such it must\nalready specify all requirements that will be used for every type parameter.\n"},"level":"error","spans":[{"file_name":"src/reddit.rs","byte_start":3079,"byte_end":3084,"line_start":69,"line_end":69,"column_start":117,"column_end":122,"is_primary":true,"text":[{"text":"                &[&id, &sym, &subreddit, &author, &title, &selftext, &Option::<String>::None, &Option::<f64>::None, &when, &Option::<chrono::DateTime<Utc>>::None, &score, &chrono::Utc::now()]","highlight_start":117,"highlight_end":122}],"label":"the trait `ToSql` is not implemented for `DateTime<Utc>`","suggested_replacement":null,"suggestion_applicability":null,"expansion":null}],"children":[{"message":"the following other types implement trait `ToSql`:\n  &T\n  &[T]\n  &[u8]\n  &str\n  Box<T>\n  Box<[T]>\n  Box<str>\n  Cow<'_, [u8]>\nand 20 others","code":null,"level":"help","spans":[],"children":[],"rendered":null},{"message":"required for the cast from `&DateTime<Utc>` to `&dyn ToSql + Sync`","code":null,"level":"note","spans":[],"children":[],"rendered":null},{"message":"the full name for the type has been written to '/home/piyansh46/Code/AlphaWindow/backend-rust/target/release/deps/alphawindow_ingest-beb134cfc09bd6f8.long-type-18158422076096922439.txt'","code":null,"level":"note","spans":[],"children":[],"rendered":null},{"message":"consider using `--verbose` to print the full type name to the console","code":null,"level":"note","spans":[],"children":[],"rendered":null}],"rendered":"\u001b[1m\u001b[91merror[E0277]\u001b[0m\u001b[1m: the trait bound `DateTime<Utc>: ToSql` is not satisfied\u001b[0m\n  \u001b[1m\u001b[94m--> \u001b[0msrc/reddit.rs:69:117\n   \u001b[1m\u001b[94m|\u001b[0m\n\u001b[1m\u001b[94m69\u001b[0m \u001b[1m\u001b[94m|\u001b[0m \u001b[1m\u001b[94m...\u001b[0mon::<f64>::None, &when, &Option::<chrono::DateTime<Utc>>::None, &score, &chrono::Utc::now()]\n   \u001b[1m\u001b[94m|\u001b[0m                     \u001b[1m\u001b[91m^^^^^\u001b[0m \u001b[1m\u001b[91mthe trait `ToSql` is not implemented for `DateTime<Utc>`\u001b[0m\n   \u001b[1m\u001b[94m|\u001b[0m\n   \u001b[1m\u001b[94m= \u001b[0m\u001b[1mhelp\u001b[0m: the following other types implement trait `ToSql`:\n             &T\n             &[T]\n             &[u8]\n             &str\n             Box<T>\n             Box<[T]>\n             Box<str>\n             Cow<'_, [u8]>\n           and 20 others\n   \u001b[1m\u001b[94m= \u001b[0m\u001b[1mnote\u001b[0m: required for the cast from `&DateTime<Utc>` to `&dyn ToSql + Sync`\n   \u001b[1m\u001b[94m= \u001b[0m\u001b[1mnote\u001b[0m: the full name for the type has been written to '/home/piyansh46/Code/AlphaWindow/backend-rust/target/release/deps/alphawindow_ingest-beb134cfc09bd6f8.long-type-18158422076096922439.txt'\n   \u001b[1m\u001b[94m= \u001b[0m\u001b[1mnote\u001b[0m: consider using `--verbose` to print the full type name to the console\n\n"}
{"$message_type":"diagnostic","message":"the trait bound `DateTime<Utc>: ToSql` is not satisfied","code":{"code":"E0277","explanation":"You tried to use a type which doesn't implement some trait in a place which\nexpected that trait.\n\nErroneous code example:\n\n```compile_fail,E0277\n// here we declare the Foo trait with a bar method\ntrait Foo {\n    fn bar(&self);\n}\n\n// we now declare a function which takes an object implementing the Foo trait\nfn some_func<T: Foo>(foo: T) {\n    foo.bar();\n}\n\nfn main() {\n    // we now call the method with the i32 type, which doesn't implement\n    // the Foo trait\n    some_func(5i32); // error: the trait bound `i32 : Foo` is not satisfied\n}\n```\n\nIn order to fix this error, verify that the type you're using does implement\nthe trait. Example:\n\n```\ntrait Foo {\n    fn bar(&self);\n}\n\n// we implement the trait on the i32 type\nimpl Foo for i32 {\n    fn bar(&self) {}\n}\n\nfn some_func<T: Foo>(foo: T) {\n    foo.bar(); // we can now use this method since i32 implements the\n               // Foo trait\n}\n\nfn main() {\n    some_func(5i32); // ok!\n}\n```\n\nOr in a generic context, an erroneous code example would look like:\n\n```compile_fail,E0277\nfn some_func<T>(foo: T) {\n    println!(\"{:?}\", foo); // error: the trait `core::fmt::Debug` is not\n                           //        implemented for the type `T`\n}\n\nfn main() {\n    // We now call the method with the i32 type,\n    // which *does* implement the Debug trait.\n    some_func(5i32);\n}\n```\n\nNote that the error here is in the definition of the generic function. Although\nwe only call it with a parameter that does implement `Debug`, the compiler\nstill rejects the function. It must work with all possible input types. In\norder to make this example compile, we need to restrict the generic type we're\naccepting:\n\n```\nuse std::fmt;\n\n// Restrict the input type to types that implement Debug.\nfn some_func<T: fmt::Debug>(foo: T) {\n    println!(\"{:?}\", foo);\n}\n\nfn main() {\n    // Calling the method is still fine, as i32 implements Debug.\n    some_func(5i32);\n\n    // This would fail to compile now:\n    // struct WithoutDebug;\n    // some_func(WithoutDebug);\n}\n```\n\nRust only looks at the signature of the called function, as such it must\nalready specify all requirements that will be used for every type parameter.\n"},"level":"error","spans":[{"file_name":"src/reddit.rs","byte_start":3134,"byte_end":3153,"line_start":69,"line_end":69,"column_start":172,"column_end":191,"is_primary":true,"text":[{"text":"                &[&id, &sym, &subreddit, &author, &title, &selftext, &Option::<String>::None, &Option::<f64>::None, &when, &Option::<chrono::DateTime<Utc>>::None, &score, &chrono::Utc::now()]","highlight_start":172,"highlight_end":191}],"label":"the trait `ToSql` is not implemented for `DateTime<Utc>`","suggested_replacement":null,"suggestion_applicability":null,"expansion":null}],"children":[{"message":"the following other types implement trait `ToSql`:\n  &T\n  &[T]\n  &[u8]\n  &str\n  Box<T>\n  Box<[T]>\n  Box<str>\n  Cow<'_, [u8]>\nand 20 others","code":null,"level":"help","spans":[],"children":[],"rendered":null},{"message":"required for the cast from `&DateTime<Utc>` to `&dyn ToSql + Sync`","code":null,"level":"note","spans":[],"children":[],"rendered":null},{"message":"the full name for the type has been written to '/home/piyansh46/Code/AlphaWindow/backend-rust/target/release/deps/alphawindow_ingest-beb134cfc09bd6f8.long-type-18158422076096922439.txt'","code":null,"level":"note","spans":[],"children":[],"rendered":null},{"message":"consider using `--verbose` to print the full type name to the console","code":null,"level":"note","spans":[],"children":[],"rendered":null}],"rendered":"\u001b[1m\u001b[91merror[E0277]\u001b[0m\u001b[1m: the trait bound `DateTime<Utc>: ToSql` is not satisfied\u001b[0m\n  \u001b[1m\u001b[94m--> \u001b[0msrc/reddit.rs:69:172\n   \u001b[1m\u001b[94m|\u001b[0m\n\u001b[1m\u001b[94m69\u001b[0m \u001b[1m\u001b[94m|\u001b[0m \u001b[1m\u001b[94m...\u001b[0m, &score, &chrono::Utc::now()]\n   \u001b[1m\u001b[94m|\u001b[0m              \u001b[1m\u001b[91m^^^^^^^^^^^^^^^^^^^\u001b[0m \u001b[1m\u001b[91mthe trait `ToSql` is not implemented for `DateTime<Utc>`\u001b[0m\n   \u001b[1m\u001b[94m|\u001b[0m\n   \u001b[1m\u001b[94m= \u001b[0m\u001b[1mhelp\u001b[0m: the following other types implement trait `ToSql`:\n             &T\n             &[T]\n             &[u8]\n             &str\n             Box<T>\n             Box<[T]>\n             Box<str>\n             Cow<'_, [u8]>\n           and 20 others\n   \u001b[1m\u001b[94m= \u001b[0m\u001b[1mnote\u001b[0m: required for the cast from `&DateTime<Utc>` to `&dyn ToSql + Sync`\n   \u001b[1m\u001b[94m= \u001b[0m\u001b[1mnote\u001b[0m: the full name for the type has been written to '/home/piyansh46/Code/AlphaWindow/backend-rust/target/release/deps/alphawindow_ingest-beb134cfc09bd6f8.long-type-18158422076096922439.txt'\n   \u001b[1m\u001b[94m= \u001b[0m\u001b[1mnote\u001b[0m: consider using `--verbose` to print the full type name to the console\n\n"}
{"$message_type":"diagnostic","message":"the trait bound `DateTime<Utc>: ToSql` is not satisfied","code":{"code":"E0277","explanation":"You tried to use a type which doesn't implement some trait in a place which\nexpected that trait.\n\nErroneous code example:\n\n```compile_fail,E0277\n// here we declare the Foo trait with a bar method\ntrait Foo {\n    fn bar(&self);\n}\n\n// we now declare a function which takes an object implementing the Foo trait\nfn some_func<T: Foo>(foo: T) {\n    foo.bar();\n}\n\nfn main() {\n    // we now call the method with the i32 type, which doesn't implement\n    // the Foo trait\n    some_func(5i32); // error: the trait bound `i32 : Foo` is not satisfied\n}\n```\n\nIn order to fix this error, verify that the type you're using does implement\nthe trait. Example:\n\n```\ntrait Foo {\n    fn bar(&self);\n}\n\n// we implement the trait on the i32 type\nimpl Foo for i32 {\n    fn bar(&self) {}\n}\n\nfn some_func<T: Foo>(foo: T) {\n    foo.bar(); // we can now use this method since i32 implements the\n               // Foo trait\n}\n\nfn main() {\n    some_func(5i32); // ok!\n}\n```\n\nOr in a generic context, an erroneous code example would look like:\n\n```compile_fail,E0277\nfn some_func<T>(foo: T) {\n    println!(\"{:?}\", foo); // error: the trait `core::fmt::Debug` is not\n                           //        implemented for the type `T`\n}\n\nfn main() {\n    // We now call the method with the i32 type,\n    // which *does* implement the Debug trait.\n    some_func(5i32);\n}\n```\n\nNote that the error here is in the definition of the generic function. Although\nwe only call it with a parameter that does implement `Debug`, the compiler\nstill rejects the function. It must work with all possible input types. In\norder to make this example compile, we need to restrict the generic type we're\naccepting:\n\n```\nuse std::fmt;\n\n// Restrict the input type to types that implement Debug.\nfn some_func<T: fmt::Debug>(foo: T) {\n    println!(\"{:?}\", foo);\n}\n\nfn main() {\n    // Calling the method is still fine, as i32 implements Debug.\n    some_func(5i32);\n\n    // This would fail to compile now:\n    // struct WithoutDebug;\n    // some_func(WithoutDebug);\n}\n```\n\nRust only looks at the signature of the called function, as such it must\nalready specify all requirements that will be used for every type parameter.\n"},"level":"error","spans":[{"file_name":"src/reddit.rs","byte_start":3418,"byte_end":3437,"line_start":75,"line_end":75,"column_start":19,"column_end":38,"is_primary":true,"text":[{"text":"                &[&chrono::Utc::now(), &sym, &\"reddit\", &score_val, &Option::<f32>::None, &\"finbert\", &Option::<i64>::None, &Some(id.clone())]","highlight_start":19,"highlight_end":38}],"label":"the trait `ToSql` is not implemented for `DateTime<Utc>`","suggested_replacement":null,"suggestion_applicability":null,"expansion":null}],"children":[{"message":"the following other types implement trait `ToSql`:\n  &T\n  &[T]\n  &[u8]\n  &str\n  Box<T>\n  Box<[T]>\n  Box<str>\n  Cow<'_, [u8]>\nand 20 others","code":null,"level":"help","spans":[],"children":[],"rendered":null},{"message":"required for the cast from `&DateTime<Utc>` to `&dyn ToSql + Sync`","code":null,"level":"note","spans":[],"children":[],"rendered":null},{"message":"the full name for the type has been written to '/home/piyansh46/Code/AlphaWindow/backend-rust/target/release/deps/alphawindow_ingest-beb134cfc09bd6f8.long-type-18158422076096922439.txt'","code":null,"level":"note","spans":[],"children":[],"rendered":null},{"message":"consider using `--verbose` to print the full type name to the console","code":null,"level":"note","spans":[],"children":[],"rendered":null}],"rendered":"\u001b[1m\u001b[91merror[E0277]\u001b[0m\u001b[1m: the trait bound `DateTime<Utc>: ToSql` is not satisfied\u001b[0m\n  \u001b[1m\u001b[94m--> \u001b[0msrc/reddit.rs:75:19\n   \u001b[1m\u001b[94m|\u001b[0m\n\u001b[1m\u001b[94m75\u001b[0m \u001b[1m\u001b[94m|\u001b[0m \u001b[1m\u001b[94m...\u001b[0m   &[&chrono::Utc::now(), &sym, &\"reddit\", &score_val, &Option::<f32>::None, &\"finbert\", &Option:\u001b[1m\u001b[94m...\u001b[0m\n   \u001b[1m\u001b[94m|\u001b[0m         \u001b[1m\u001b[91m^^^^^^^^^^^^^^^^^^^\u001b[0m \u001b[1m\u001b[91mthe trait `ToSql` is not implemented for `DateTime<Utc>`\u001b[0m\n   \u001b[1m\u001b[94m|\u001b[0m\n   \u001b[1m\u001b[94m= \u001b[0m\u001b[1mhelp\u001b[0m: the following other types implement trait `ToSql`:\n             &T\n             &[T]\n             &[u8]\n             &str\n             Box<T>\n             Box<[T]>\n             Box<str>\n             Cow<'_, [u8]>\n           and 20 others\n   \u001b[1m\u001b[94m= \u001b[0m\u001b[1mnote\u001b[0m: required for the cast from `&DateTime<Utc>` to `&dyn ToSql + Sync`\n   \u001b[1m\u001b[94m= \u001b[0m\u001b[1mnote\u001b[0m: the full name for the type has been written to '/home/piyansh46/Code/AlphaWindow/backend-rust/target/release/deps/alphawindow_ingest-beb134cfc09bd6f8.long-type-18158422076096922439.txt'\n   \u001b[1m\u001b[94m= \u001b[0m\u001b[1mnote\u001b[0m: consider using `--verbose` to print the full type name to the console\n\n"}
{"$message_type":"diagnostic","message":"the trait bound `DateTime<Utc>: ToSql` is not satisfied","code":{"code":"E0277","explanation":"You tried to use a type which doesn't implement some trait in a place which\nexpected that trait.\n\nErroneous code example:\n\n```compile_fail,E0277\n// here we declare the Foo trait with a bar method\ntrait Foo {\n    fn bar(&self);\n}\n\n// we now declare a function which takes an object implementing the Foo trait\nfn some_func<T: Foo>(foo: T) {\n    foo.bar();\n}\n\nfn main() {\n    // we now call the method with the i32 type, which doesn't implement\n    // the Foo trait\n    some_func(5i32); // error: the trait bound `i32 : Foo` is not satisfied\n}\n```\n\nIn order to fix this error, verify that the type you're using does implement\nthe trait. Example:\n\n```\ntrait Foo {\n    fn bar(&self);\n}\n\n// we implement the trait on the i32 type\nimpl Foo for i32 {\n    fn bar(&self) {}\n}\n\nfn some_func<T: Foo>(foo: T) {\n    foo.bar(); // we can now use this method since i32 implements the\n               // Foo trait\n}\n\nfn main() {\n    some_func(5i32); // ok!\n}\n```\n\nOr in a generic context, an erroneous code example would look like:\n\n```compile_fail,E0277\nfn some_func<T>(foo: T) {\n    println!(\"{:?}\", foo); // error: the trait `core::fmt::Debug` is not\n                           //        implemented for the type `T`\n}\n\nfn main() {\n    // We now call the method with the i32 type,\n    // which *does* implement the Debug trait.\n    some_func(5i32);\n}\n```\n\nNote that the error here is in the definition of the generic function. Although\nwe only call it with a parameter that does implement `Debug`, the compiler\nstill rejects the function. It must work with all possible input types. In\norder to make this example compile, we need to restrict the generic type we're\naccepting:\n\n```\nuse std::fmt;\n\n// Restrict the input type to types that implement Debug.\nfn some_func<T: fmt::Debug>(foo: T) {\n    println!(\"{:?}\", foo);\n}\n\nfn main() {\n    // Calling the method is still fine, as i32 implements Debug.\n    some_func(5i32);\n\n    // This would fail to compile now:\n    // struct WithoutDebug;\n    // some_func(WithoutDebug);\n}\n```\n\nRust only looks at the signature of the called function, as such it must\nalready specify all requirements that will be used for every type parameter.\n"},"level":"error","spans":[{"file_name":"src/x_api.rs","byte_start":2368,"byte_end":2379,"line_start":47,"line_end":47,"column_start":88,"column_end":99,"is_primary":true,"text":[{"text":"                    &[&id.parse::<i64>().ok(), &s, &author.parse::<i64>().ok(), &text, &created_dt, &0_i32, &Utc::now()]","highlight_start":88,"highlight_end":99}],"label":"the trait `ToSql` is not implemented for `DateTime<Utc>`","suggested_replacement":null,"suggestion_applicability":null,"expansion":null}],"children":[{"message":"the following other types implement trait `ToSql`:\n  &T\n  &[T]\n  &[u8]\n  &str\n  Box<T>\n  Box<[T]>\n  Box<str>\n  Cow<'_, [u8]>\nand 20 others","code":null,"level":"help","spans":[],"children":[],"rendered":null},{"message":"required for the cast from `&DateTime<Utc>` to `&dyn ToSql + Sync`","code":null,"level":"note","spans":[],"children":[],"rendered":null},{"message":"the full name for the type has been written to '/home/piyansh46/Code/AlphaWindow/backend-rust/target/release/deps/alphawindow_ingest-beb134cfc09bd6f8.long-type-18158422076096922439.txt'","code":null,"level":"note","spans":[],"children":[],"rendered":null},{"message":"consider using `--verbose` to print the full type name to the console","code":null,"level":"note","spans":[],"children":[],"rendered":null}],"rendered":"\u001b[1m\u001b[91merror[E0277]\u001b[0m\u001b[1m: the trait bound `DateTime<Utc>: ToSql` is not satisfied\u001b[0m\n  \u001b[1m\u001b[94m--> \u001b[0msrc/x_api.rs:47:88\n   \u001b[1m\u001b[94m|\u001b[0m\n\u001b[1m\u001b[94m47\u001b[0m \u001b[1m\u001b[94m|\u001b[0m \u001b[1m\u001b[94m...\u001b[0m.ok(), &text, &created_dt, &0_i32, &Utc::now()]\n   \u001b[1m\u001b[94m|\u001b[0m                  \u001b[1m\u001b[91m^^^^^^^^^^^\u001b[0m \u001b[1m\u001b[91mthe trait `ToSql` is not implemented for `DateTime<Utc>`\u001b[0m\n   \u001b[1m\u001b[94m|\u001b[0m\n   \u001b[1m\u001b[94m= \u001b[0m\u001b[1mhelp\u001b[0m: the following other types implement trait `ToSql`:\n             &T\n             &[T]\n             &[u8]\n             &str\n             Box<T>\n             Box<[T]>\n             Box<str>\n             Cow<'_, [u8]>\n           and 20 others\n   \u001b[1m\u001b[94m= \u001b[0m\u001b[1mnote\u001b[0m: required for the cast from `&DateTime<Utc>` to `&dyn ToSql + Sync`\n   \u001b[1m\u001b[94m= \u001b[0m\u001b[1mnote\u001b[0m: the full name for the type has been written to '/home/piyansh46/Code/AlphaWindow/backend-rust/target/release/deps/alphawindow_ingest-beb134cfc09bd6f8.long-type-18158422076096922439.txt'\n   \u001b[1m\u001b[94m= \u001b[0m\u001b[1mnote\u001b[0m: consider using `--verbose` to print the full type name to the console\n\n"}
{"$message_type":"diagnostic","message":"the trait bound `DateTime<Utc>: ToSql` is not satisfied","code":{"code":"E0277","explanation":"You tried to use a type which doesn't implement some trait in a place which\nexpected that trait.\n\nErroneous code example:\n\n```compile_fail,E0277\n// here we declare the Foo trait with a bar method\ntrait Foo {\n    fn bar(&self);\n}\n\n// we now declare a function which takes an object implementing the Foo trait\nfn some_func<T: Foo>(foo: T) {\n    foo.bar();\n}\n\nfn main() {\n    // we now call the method with the i32 type, which doesn't implement\n    // the Foo trait\n    some_func(5i32); // error: the trait bound `i32 : Foo` is not satisfied\n}\n```\n\nIn order to fix this error, verify that the type you're using does implement\nthe trait. Example:\n\n```\ntrait Foo {\n    fn bar(&self);\n}\n\n// we implement the trait on the i32 type\nimpl Foo for i32 {\n    fn bar(&self) {}\n}\n\nfn some_func<T: Foo>(foo: T) {\n    foo.bar(); // we can now use this method since i32 implements the\n               // Foo trait\n}\n\nfn main() {\n    some_func(5i32); // ok!\n}\n```\n\nOr in a generic context, an erroneous code example would look like:\n\n```compile_fail,E0277\nfn some_func<T>(foo: T) {\n    println!(\"{:?}\", foo); // error: the trait `core::fmt::Debug` is not\n                           //        implemented for the type `T`\n}\n\nfn main() {\n    // We now call the method with the i32 type,\n    // which *does* implement the Debug trait.\n    some_func(5i32);\n}\n```\n\nNote that the error here is in the definition of the generic function. Although\nwe only call it with a parameter that does implement `Debug`, the compiler\nstill rejects the function. It must work with all possible input types. In\norder to make this example compile, we need to restrict the generic type we're\naccepting:\n\n```\nuse std::fmt;\n\n// Restrict the input type to types that implement Debug.\nfn some_func<T: fmt::Debug>(foo: T) {\n    println!(\"{:?}\", foo);\n}\n\nfn main() {\n    // Calling the method is still fine, as i32 implements Debug.\n    some_func(5i32);\n\n    // This would fail to compile now:\n    // struct WithoutDebug;\n    // some_func(WithoutDebug);\n}\n```\n\nRust only looks at the signature of the called function, as such it must\nalready specify all requirements that will be used for every type parameter.\n"},"level":"error","spans":[{"file_name":"src/x_api.rs","byte_start":2389,"byte_end":2400,"line_start":47,"line_end":47,"column_start":109,"column_end":120,"is_primary":true,"text":[{"text":"                    &[&id.parse::<i64>().ok(), &s, &author.parse::<i64>().ok(), &text, &created_dt, &0_i32, &Utc::now()]","highlight_start":109,"highlight_end":120}],"label":"the trait `ToSql` is not implemented for `DateTime<Utc>`","suggested_replacement":null,"suggestion_applicability":null,"expansion":null}],"children":[{"message":"the following other types implement trait `ToSql`:\n  &T\n  &[T]\n  &[u8]\n  &str\n  Box<T>\n  Box<[T]>\n  Box<str>\n  Cow<'_, [u8]>\nand 20 others","code":null,"level":"help","spans":[],"children":[],"rendered":null},{"message":"required for the cast from `&DateTime<Utc>` to `&dyn ToSql + Sync`","code":null,"level":"note","spans":[],"children":[],"rendered":null},{"message":"the full name for the type has been written to '/home/piyansh46/Code/AlphaWindow/backend-rust/target/release/deps/alphawindow_ingest-beb134cfc09bd6f8.long-type-18158422076096922439.txt'","code":null,"level":"note","spans":[],"children":[],"rendered":null},{"message":"consider using `--verbose` to print the full type name to the console","code":null,"level":"note","spans":[],"children":[],"rendered":null}],"rendered":"\u001b[1m\u001b[91merror[E0277]\u001b[0m\u001b[1m: the trait bound `DateTime<Utc>: ToSql` is not satisfied\u001b[0m\n  \u001b[1m\u001b[94m--> \u001b[0msrc/x_api.rs:47:109\n   \u001b[1m\u001b[94m|\u001b[0m\n\u001b[1m\u001b[94m47\u001b[0m \u001b[1m\u001b[94m|\u001b[0m \u001b[1m\u001b[94m...\u001b[0md_dt, &0_i32, &Utc::now()]\n   \u001b[1m\u001b[94m|\u001b[0m                  \u001b[1m\u001b[91m^^^^^^^^^^^\u001b[0m \u001b[1m\u001b[91mthe trait `ToSql` is not implemented for `DateTime<Utc>`\u001b[0m\n   \u001b[1m\u001b[94m|\u001b[0m\n   \u001b[1m\u001b[94m= \u001b[0m\u001b[1mhelp\u001b[0m: the following other types implement trait `ToSql`:\n             &T\n             &[T]\n             &[u8]\n             &str\n             Box<T>\n             Box<[T]>\n             Box<str>\n             Cow<'_, [u8]>\n           and 20 others\n   \u001b[1m\u001b[94m= \u001b[0m\u001b[1mnote\u001b[0m: required for the cast from `&DateTime<Utc>` to `&dyn ToSql + Sync`\n   \u001b[1m\u001b[94m= \u001b[0m\u001b[1mnote\u001b[0m: the full name for the type has been written to '/home/piyansh46/Code/AlphaWindow/backend-rust/target/release/deps/alphawindow_ingest-beb134cfc09bd6f8.long-type-18158422076096922439.txt'\n   \u001b[1m\u001b[94m= \u001b[0m\u001b[1mnote\u001b[0m: consider using `--verbose` to print the full type name to the console\n\n"}
{"$message_type":"diagnostic","message":"the trait bound `DateTime<Utc>: ToSql` is not satisfied","code":{"code":"E0277","explanation":"You tried to use a type which doesn't implement some trait in a place which\nexpected that trait.\n\nErroneous code example:\n\n```compile_fail,E0277\n// here we declare the Foo trait with a bar method\ntrait Foo {\n    fn bar(&self);\n}\n\n// we now declare a function which takes an object implementing the Foo trait\nfn some_func<T: Foo>(foo: T) {\n    foo.bar();\n}\n\nfn main() {\n    // we now call the method with the i32 type, which doesn't implement\n    // the Foo trait\n    some_func(5i32); // error: the trait bound `i32 : Foo` is not satisfied\n}\n```\n\nIn order to fix this error, verify that the type you're using does implement\nthe trait. Example:\n\n```\ntrait Foo {\n    fn bar(&self);\n}\n\n// we implement the trait on the i32 type\nimpl Foo for i32 {\n    fn bar(&self) {}\n}\n\nfn some_func<T: Foo>(foo: T) {\n    foo.bar(); // we can now use this method since i32 implements the\n               // Foo trait\n}\n\nfn main() {\n    some_func(5i32); // ok!\n}\n```\n\nOr in a generic context, an erroneous code example would look like:\n\n```compile_fail,E0277\nfn some_func<T>(foo: T) {\n    println!(\"{:?}\", foo); // error: the trait `core::fmt::Debug` is not\n                           //        implemented for the type `T`\n}\n\nfn main() {\n    // We now call the method with the i32 type,\n    // which *does* implement the Debug trait.\n    some_func(5i32);\n}\n```\n\nNote that the error here is in the definition of the generic function. Although\nwe only call it with a parameter that does implement `Debug`, the compiler\nstill rejects the function. It must work with all possible input types. In\norder to make this example compile, we need to restrict the generic type we're\naccepting:\n\n```\nuse std::fmt;\n\n// Restrict the input type to types that implement Debug.\nfn some_func<T: fmt::Debug>(foo: T) {\n    println!(\"{:?}\", foo);\n}\n\nfn main() {\n    // Calling the method is still fine, as i32 implements Debug.\n    some_func(5i32);\n\n    // This would fail to compile now:\n    // struct WithoutDebug;\n    // some_func(WithoutDebug);\n}\n```\n\nRust only looks at the signature of the called function, as such it must\nalready specify all requirements that will be used for every type parameter.\n"},"level":"error","spans":[{"file_name":"src/x_api.rs","byte_start":2648,"byte_end":2659,"line_start":51,"line_end":51,"column_start":23,"column_end":34,"is_primary":true,"text":[{"text":"                    &[&Utc::now(), &s, &\"x\", &score, &Option::<f32>::None, &\"finbert\", &id.parse::<i64>().ok(), &Option::<String>::None]","highlight_start":23,"highlight_end":34}],"label":"the trait `ToSql` is not implemented for `DateTime<Utc>`","suggested_replacement":null,"suggestion_applicability":null,"expansion":null}],"children":[{"message":"the following other types implement trait `ToSql`:\n  &T\n  &[T]\n  &[u8]\n  &str\n  Box<T>\n  Box<[T]>\n  Box<str>\n  Cow<'_, [u8]>\nand 20 others","code":null,"level":"help","spans":[],"children":[],"rendered":null},{"message":"required for the cast from `&DateTime<Utc>` to `&dyn ToSql + Sync`","code":null,"level":"note","spans":[],"children":[],"rendered":null},{"message":"the full name for the type has been written to '/home/piyansh46/Code/AlphaWindow/backend-rust/target/release/deps/alphawindow_ingest-beb134cfc09bd6f8.long-type-18158422076096922439.txt'","code":null,"level":"note","spans":[],"children":[],"rendered":null},{"message":"consider using `--verbose` to print the full type name to the console","code":null,"level":"note","spans":[],"children":[],"rendered":null}],"rendered":"\u001b[1m\u001b[91merror[E0277]\u001b[0m\u001b[1m: the trait bound `DateTime<Utc>: ToSql` is not satisfied\u001b[0m\n  \u001b[1m\u001b[94m--> \u001b[0msrc/x_api.rs:51:23\n   \u001b[1m\u001b[94m|\u001b[0m\n\u001b[1m\u001b[94m51\u001b[0m \u001b[1m\u001b[94m|\u001b[0m \u001b[1m\u001b[94m...\u001b[0m   &[&Utc::now(), &s, &\"x\", &score, &Option::<f32>::None, &\"finbert\", &id.parse::<i64>().ok(), &O\u001b[1m\u001b[94m...\u001b[0m\n   \u001b[1m\u001b[94m|\u001b[0m         \u001b[1m\u001b[91m^^^^^^^^^^^\u001b[0m \u001b[1m\u001b[91mthe trait `ToSql` is not implemented for `DateTime<Utc>`\u001b[0m\n   \u001b[1m\u001b[94m|\u001b[0m\n   \u001b[1m\u001b[94m= \u001b[0m\u001b[1mhelp\u001b[0m: the following other types implement trait `ToSql`:\n             &T\n             &[T]\n             &[u8]\n             &str\n             Box<T>\n             Box<[T]>\n             Box<str>\n             Cow<'_, [u8]>\n           and 20 others\n   \u001b[1m\u001b[94m= \u001b[0m\u001b[1mnote\u001b[0m: required for the cast from `&DateTime<Utc>` to `&dyn ToSql + Sync`\n   \u001b[1m\u001b[94m= \u001b[0m\u001b[1mnote\u001b[0m: the full name for the type has been written to '/home/piyansh46/Code/AlphaWindow/backend-rust/target/release/deps/alphawindow_ingest-beb134cfc09bd6f8.long-type-18158422076096922439.txt'\n   \u001b[1m\u001b[94m= \u001b[0m\u001b[1mnote\u001b[0m: consider using `--verbose` to print the full type name to the console\n\n"}
{"$message_type":"diagnostic","message":"unused variable: `sent`","code":{"code":"unused_variables","explanation":null},"level":"warning","spans":[{"file_name":"src/market.rs","byte_start":237,"byte_end":241,"line_start":9,"line_end":9,"column_start":58,"column_end":62,"is_primary":true,"text":[{"text":"pub async fn replay(tickers: Vec<String>, pool: &PgPool, sent: &Sentiment, period: &str) -> anyhow::Result<()> {","highlight_start":58,"highlight_end":62}],"label":null,"suggested_replacement":null,"suggestion_applicability":null,"expansion":null}],"children":[{"message":"`#[warn(unused_variables)]` (part of `#[warn(unused)]`) on by default","code":null,"level":"note","spans":[],"children":[],"rendered":null},{"message":"if this is intentional, prefix it with an underscore","code":null,"level":"help","spans":[{"file_name":"src/market.rs","byte_start":237,"byte_end":241,"line_start":9,"line_end":9,"column_start":58,"column_end":62,"is_primary":true,"text":[{"text":"pub async fn replay(tickers: Vec<String>, pool: &PgPool, sent: &Sentiment, period: &str) -> anyhow::Result<()> {","highlight_start":58,"highlight_end":62}],"label":null,"suggested_replacement":"_sent","suggestion_applicability":"MachineApplicable","expansion":null}],"children":[],"rendered":null}],"rendered":"\u001b[1m\u001b[33mwarning\u001b[0m\u001b[1m: unused variable: `sent`\u001b[0m\n \u001b[1m\u001b[94m--> \u001b[0msrc/market.rs:9:58\n  \u001b[1m\u001b[94m|\u001b[0m\n\u001b[1m\u001b[94m9\u001b[0m \u001b[1m\u001b[94m|\u001b[0m \u001b[1m\u001b[94m...\u001b[0mol: &PgPool, sent: &Sentiment, period: &str) -> anyhow::Result<()> {\n  \u001b[1m\u001b[94m|\u001b[0m                 \u001b[1m\u001b[33m^^^^\u001b[0m \u001b[1m\u001b[33mhelp: if this is intentional, prefix it with an underscore: `_sent`\u001b[0m\n  \u001b[1m\u001b[94m|\u001b[0m\n  \u001b[1m\u001b[94m= \u001b[0m\u001b[1mnote\u001b[0m: `#[warn(unused_variables)]` (part of `#[warn(unused)]`) on by default\n\n"}
{"$message_type":"diagnostic","message":"aborting due to 7 previous errors; 4 warnings emitted","code":null,"level":"error","spans":[],"children":[],"rendered":"\u001b[1m\u001b[91merror\u001b[0m\u001b[1m: aborting due to 7 previous errors; 4 warnings emitted\u001b[0m\n\n"}
{"$message_type":"diagnostic","message":"For more information about this error, try `rustc --explain E0277`.","code":null,"level":"failure-note","spans":[],"children":[],"rendered":"\u001b[1mFor more information about this error, try `rustc --explain E0277`.\u001b[0m\n"}
